<?xml version="1.0" encoding="UTF-8"?>
<!-- Generated by org.testng.reporters.JUnitReportReporter -->
<testsuite hostname="VDAASW10DC03725" failures="0" tests="1" name="com.r3.testcases.ActionsKeywords" time="58246.281" errors="0" timestamp="22 Nov 2023 06:55:38 GMT">
  <testcase classname="com.r3.testcases.ActionsKeywords" name="keywordEngine" time="58246.281"/>
</testsuite> <!-- com.r3.testcases.ActionsKeywords -->
