<?xml version="1.0" encoding="UTF-8"?>
<!-- Generated by org.testng.reporters.JUnitReportReporter -->
<testsuite hostname="VDAASW10DC03725" failures="0" tests="2" name="com.r3.testcases.AddAddressINDTest" time="2.968" errors="1" timestamp="2023-03-04T14:05:13 EST" skipped="0">
  <testcase classname="com.r3.testcases.AddAddressINDTest" name="Login_DART_UI" time="2.888"/>
  <system-out/>
  <testcase classname="com.r3.testcases.AddAddressINDTest" name="SPDS_225959_AddAddressIND" time="0.080">
    <error message="
[public void com.r3.testcases.AddAddressINDTest.SPDS_225959_AddAddressIND(java.util.Map)] has no parameters defined but was found to be using a data provider (either explicitly specified or inherited from class level annotation).
Data provider mismatch
Method: SPDS_225959_AddAddressIND([Parameter{index=0, type=java.util.Map, declaredAnnotations=[]}])
Arguments: [(java.util.LinkedHashMap) {Market=AN, Provider=TestPro, Intent=add, Revision_of_file=a1, Job_Name=TestJob, Select_Input_Type=SPS_PROVIDER_ID, TAX_ID_NUMBER, NPI, LOB, Identifier_Input=1100151428,581440934,1174573901,Commercial},null,null,null,null,null]" type="org.testng.internal.reflect.MethodMatcherException">
        <![CDATA[org.testng.internal.reflect.MethodMatcherException:
[public void com.r3.testcases.AddAddressINDTest.SPDS_225959_AddAddressIND(java.util.Map)] has no parameters defined but was found to be using a data provider (either explicitly specified or inherited from class level annotation).
Data provider mismatch
Method: SPDS_225959_AddAddressIND([Parameter{index=0, type=java.util.Map, declaredAnnotations=[]}])
Arguments: [(java.util.LinkedHashMap) {Market=AN, Provider=TestPro, Intent=add, Revision_of_file=a1, Job_Name=TestJob, Select_Input_Type=SPS_PROVIDER_ID, TAX_ID_NUMBER, NPI, LOB, Identifier_Input=1100151428,581440934,1174573901,Commercial},null,null,null,null,null]
at org.testng.internal.reflect.DataProviderMethodMatcher.getConformingArguments(DataProviderMethodMatcher.java:43)
at org.testng.internal.Parameters.injectParameters(Parameters.java:914)
at org.testng.internal.MethodRunner.runInSequence(MethodRunner.java:34)
at org.testng.internal.TestInvoker$MethodInvocationAgent.invoke(TestInvoker.java:824)
at org.testng.internal.TestInvoker.invokeTestMethods(TestInvoker.java:146)
at org.testng.internal.TestMethodWorker.invokeTestMethods(TestMethodWorker.java:146)
at org.testng.internal.TestMethodWorker.run(TestMethodWorker.java:128)
at java.base/java.util.ArrayList.forEach(ArrayList.java:1541)
at org.testng.TestRunner.privateRun(TestRunner.java:794)
at org.testng.TestRunner.run(TestRunner.java:596)
at org.testng.SuiteRunner.runTest(SuiteRunner.java:377)
at org.testng.SuiteRunner.runSequentially(SuiteRunner.java:371)
at org.testng.SuiteRunner.privateRun(SuiteRunner.java:332)
at org.testng.SuiteRunner.run(SuiteRunner.java:276)
at org.testng.SuiteRunnerWorker.runSuite(SuiteRunnerWorker.java:53)
at org.testng.SuiteRunnerWorker.run(SuiteRunnerWorker.java:96)
at org.testng.TestNG.runSuitesSequentially(TestNG.java:1212)
at org.testng.TestNG.runSuitesLocally(TestNG.java:1134)
at org.testng.TestNG.runSuites(TestNG.java:1063)
at org.testng.TestNG.run(TestNG.java:1031)
at com.intellij.rt.testng.IDEARemoteTestNG.run(IDEARemoteTestNG.java:66)
at com.intellij.rt.testng.RemoteTestNGStarter.main(RemoteTestNGStarter.java:109)
]]>
    </error>
  </testcase> <!-- SPDS_225959_AddAddressIND -->
  <system-out/>
</testsuite> <!-- com.r3.testcases.AddAddressINDTest -->
