<?xml version="1.0" encoding="UTF-8"?>
<!-- Generated by org.testng.reporters.JUnitReportReporter -->
<testsuite hostname="VDAASW10DC03725" failures="0" tests="1" name="com.r3.testcases.DARTUI_TestCases" time="30.414" errors="0" timestamp="2023-03-24T20:04:15 IST" skipped="0">
  <testcase classname="com.r3.testcases.DARTUI_TestCases" name="SPDS_225959_ADD_ADDRESS_IND" time="30.414"/>
  <system-out/>
</testsuite> <!-- com.r3.testcases.DARTUI_TestCases -->
