<?xml version="1.0" encoding="UTF-8"?>
<!-- Generated by org.testng.reporters.JUnitReportReporter -->
<testsuite hostname="VDAASW10DC03725" failures="0" tests="3" name="com.r3.testcases.DARTUI_TestCases" time="9.008" errors="0" timestamp="2023-03-07T11:21:38 EST" skipped="0">
  <testcase classname="com.r3.testcases.DARTUI_TestCases" name="Valid_Login" time="4.904"/>
  <system-out/>
  <testcase classname="com.r3.testcases.DARTUI_TestCases" name="Invalid_Login" time="1.894"/>
  <system-out/>
  <testcase classname="com.r3.testcases.DARTUI_TestCases" name="Invalid_Login" time="2.210"/>
  <system-out/>
</testsuite> <!-- com.r3.testcases.DARTUI_TestCases -->
