<?xml version="1.0" encoding="UTF-8"?>
<!-- Generated by org.testng.reporters.JUnitReportReporter -->
<testsuite hostname="VDAASW10DC03725" failures="0" tests="1" name="com.r3.testcases.Test" time="4998.484" errors="0" timestamp="13 Apr 2023 09:22:03 GMT">
  <testcase classname="com.r3.testcases.Test" name="testKey" time="4998.484"/>
</testsuite> <!-- com.r3.testcases.Test -->
