<?xml version="1.0" encoding="UTF-8"?>
<!-- Generated by org.testng.reporters.JUnitReportReporter -->
<testsuite hostname="VDAASW10DC03725" failures="0" tests="1" name="com.r3.testcases.DARTUI_ActionsKeywords" time="42.640" errors="0" timestamp="2023-03-27T19:30:09 IST" skipped="0">
  <testcase classname="com.r3.testcases.DARTUI_ActionsKeywords" name="keywordEngine" time="42.640"/>
  <system-out/>
</testsuite> <!-- com.r3.testcases.DARTUI_ActionsKeywords -->
