<?xml version="1.0" encoding="UTF-8"?>
<!-- Generated by org.testng.reporters.JUnitReportReporter -->
<testsuite hostname="VDAASW10DC03725" failures="0" tests="1" name="com.r3.testcases.ActionsKeywords" time="394.039" errors="0" timestamp="18 Oct 2023 07:44:20 GMT">
  <testcase classname="com.r3.testcases.ActionsKeywords" name="keywordEngine" time="394.039"/>
</testsuite> <!-- com.r3.testcases.ActionsKeywords -->
