<?xml version="1.0" encoding="UTF-8"?>
<!-- Generated by org.testng.reporters.JUnitReportReporter -->
<testsuite hostname="VDAASW10DC03725" failures="0" tests="1" name="com.r3.testcases.DARTUI_ActionsKeywords" time="182.287" errors="0" timestamp="11 May 2023 10:02:54 GMT">
  <testcase classname="com.r3.testcases.DARTUI_ActionsKeywords" name="keywordEngine" time="182.287"/>
</testsuite> <!-- com.r3.testcases.DARTUI_ActionsKeywords -->
